#
# There is insufficient memory for the Java Runtime Environment to continue.
# Native memory allocation (malloc) failed to allocate 453920 bytes. Error detail: Chunk::new
# Possible reasons:
#   The system is out of physical RAM or swap space
#   This process is running with CompressedOops enabled, and the Java Heap may be blocking the growth of the native heap
# Possible solutions:
#   Reduce memory load on the system
#   Increase physical memory or swap space
#   Check if swap backing store is full
#   Decrease Java heap size (-Xmx/-Xms)
#   Decrease number of Java threads
#   Decrease Java thread stack sizes (-Xss)
#   Set larger code cache with -XX:ReservedCodeCacheSize=
#   JVM is running with Unscaled Compressed Oops mode in which the Java heap is
#     placed in the first 4GB address space. The Java Heap base address is the
#     maximum limit for the native heap growth. Please use -XX:HeapBaseMinAddress
#     to set the Java Heap base and to place the Java Heap above 4GB virtual address.
# This output file may be truncated or incomplete.
#
#  Out of Memory Error (arena.cpp:191), pid=12856, tid=19848
#
# JRE version: OpenJDK Runtime Environment Temurin-17.0.13+11 (17.0.13+11) (build 17.0.13+11)
# Java VM: OpenJDK 64-Bit Server VM Temurin-17.0.13+11 (17.0.13+11, mixed mode, tiered, compressed oops, compressed class ptrs, g1 gc, windows-amd64)
# No core dump will be written. Minidumps are not enabled by default on client versions of Windows
#

---------------  S U M M A R Y ------------

Command Line: -XX:+ShowCodeDetailsInExceptionMessages com.aestheticsHub.Backend.BackendApplication

Host: 12th Gen Intel(R) Core(TM) i5-12400, 12 cores, 7G,  Windows 11 , 64 bit Build 26100 (10.0.26100.1882)
Time: Wed Nov 27 12:29:46 2024 South Africa Standard Time elapsed time: 6020.700024 seconds (0d 1h 40m 20s)

---------------  T H R E A D  ---------------

Current thread (0x000002007ab859b0):  JavaThread "C2 CompilerThread0" daemon [_thread_in_native, id=19848, stack(0x0000005d30000000,0x0000005d30100000)]


Current CompileTask:
C2:6020700 7993   !   4       sun.nio.ch.SelectorImpl::lockAndDoSelect (87 bytes)

Stack: [0x0000005d30000000,0x0000005d30100000]
Native frames: (J=compiled Java code, j=interpreted, Vv=VM code, C=native code)
V  [jvm.dll+0x682a19]
V  [jvm.dll+0x839538]
V  [jvm.dll+0x83afe3]
V  [jvm.dll+0x83b653]
V  [jvm.dll+0x24704f]
V  [jvm.dll+0xace34]
V  [jvm.dll+0xad4cc]
V  [jvm.dll+0x36597e]
V  [jvm.dll+0x1ba793]
V  [jvm.dll+0x2181a7]
V  [jvm.dll+0x21748f]
V  [jvm.dll+0x1a3070]
V  [jvm.dll+0x22788c]
V  [jvm.dll+0x2259eb]
V  [jvm.dll+0x7eec98]
V  [jvm.dll+0x7e8ffc]
V  [jvm.dll+0x6818f7]
C  [ucrtbase.dll+0x14ea0]
C  [KERNEL32.DLL+0x2dbe7]
C  [ntdll.dll+0x85a4c]


---------------  P R O C E S S  ---------------

Threads class SMR info:
_java_thread_list=0x000002007abff700, length=29, elements={
0x000002007ab44040, 0x000002007ab44520, 0x000002007ab7e570, 0x000002007ab7ee40,
0x000002007ab80280, 0x000002007ab816c0, 0x000002007ab859b0, 0x000002007ab862c0,
0x000002007ab87740, 0x000002007ad04440, 0x000002007ad1a330, 0x0000020002742900,
0x0000020002742de0, 0x00000200025d1190, 0x00000200022d78b0, 0x00000200036448f0,
0x00000200036434b0, 0x00000200036439c0, 0x00000200041ba060, 0x00000200041bbec0,
0x00000200041bcdf0, 0x00000200041ba570, 0x00000200041bd300, 0x00000200041bc8e0,
0x00000200041bd810, 0x00000200041baa80, 0x00000200041baf90, 0x00000200041bb4a0,
0x00000200041bb9b0
}

Java Threads: ( => current thread )
  0x000002007ab44040 JavaThread "Reference Handler" daemon [_thread_blocked, id=11800, stack(0x0000005d2fa00000,0x0000005d2fb00000)]
  0x000002007ab44520 JavaThread "Finalizer" daemon [_thread_blocked, id=21576, stack(0x0000005d2fb00000,0x0000005d2fc00000)]
  0x000002007ab7e570 JavaThread "Signal Dispatcher" daemon [_thread_blocked, id=13176, stack(0x0000005d2fc00000,0x0000005d2fd00000)]
  0x000002007ab7ee40 JavaThread "Attach Listener" daemon [_thread_blocked, id=12392, stack(0x0000005d2fd00000,0x0000005d2fe00000)]
  0x000002007ab80280 JavaThread "Service Thread" daemon [_thread_blocked, id=13100, stack(0x0000005d2fe00000,0x0000005d2ff00000)]
  0x000002007ab816c0 JavaThread "Monitor Deflation Thread" daemon [_thread_blocked, id=9788, stack(0x0000005d2ff00000,0x0000005d30000000)]
=>0x000002007ab859b0 JavaThread "C2 CompilerThread0" daemon [_thread_in_native, id=19848, stack(0x0000005d30000000,0x0000005d30100000)]
  0x000002007ab862c0 JavaThread "C1 CompilerThread0" daemon [_thread_blocked, id=6812, stack(0x0000005d30100000,0x0000005d30200000)]
  0x000002007ab87740 JavaThread "Sweeper thread" daemon [_thread_blocked, id=20812, stack(0x0000005d30200000,0x0000005d30300000)]
  0x000002007ad04440 JavaThread "Notification Thread" daemon [_thread_blocked, id=21776, stack(0x0000005d30300000,0x0000005d30400000)]
  0x000002007ad1a330 JavaThread "Common-Cleaner" daemon [_thread_blocked, id=21628, stack(0x0000005d30500000,0x0000005d30600000)]
  0x0000020002742900 JavaThread "Catalina-utility-1" [_thread_blocked, id=20904, stack(0x0000005d30d00000,0x0000005d30e00000)]
  0x0000020002742de0 JavaThread "Catalina-utility-2" [_thread_blocked, id=12132, stack(0x0000005d31400000,0x0000005d31500000)]
  0x00000200025d1190 JavaThread "container-0" [_thread_blocked, id=14316, stack(0x0000005d31500000,0x0000005d31600000)]
  0x00000200022d78b0 JavaThread "mysql-cj-abandoned-connection-cleanup" daemon [_thread_blocked, id=11084, stack(0x0000005d31600000,0x0000005d31700000)]
  0x00000200036448f0 JavaThread "HikariPool-1 housekeeper" daemon [_thread_blocked, id=21832, stack(0x0000005d31800000,0x0000005d31900000)]
  0x00000200036434b0 JavaThread "http-nio-8080-exec-1" daemon [_thread_blocked, id=7792, stack(0x0000005d31b00000,0x0000005d31c00000)]
  0x00000200036439c0 JavaThread "http-nio-8080-exec-2" daemon [_thread_blocked, id=11540, stack(0x0000005d31c00000,0x0000005d31d00000)]
  0x00000200041ba060 JavaThread "http-nio-8080-exec-3" daemon [_thread_blocked, id=21948, stack(0x0000005d31d00000,0x0000005d31e00000)]
  0x00000200041bbec0 JavaThread "http-nio-8080-exec-4" daemon [_thread_blocked, id=19332, stack(0x0000005d31e00000,0x0000005d31f00000)]
  0x00000200041bcdf0 JavaThread "http-nio-8080-exec-5" daemon [_thread_blocked, id=8220, stack(0x0000005d31f00000,0x0000005d32000000)]
  0x00000200041ba570 JavaThread "http-nio-8080-exec-6" daemon [_thread_blocked, id=19176, stack(0x0000005d32000000,0x0000005d32100000)]
  0x00000200041bd300 JavaThread "http-nio-8080-exec-7" daemon [_thread_blocked, id=20188, stack(0x0000005d32100000,0x0000005d32200000)]
  0x00000200041bc8e0 JavaThread "http-nio-8080-exec-8" daemon [_thread_blocked, id=14536, stack(0x0000005d32200000,0x0000005d32300000)]
  0x00000200041bd810 JavaThread "http-nio-8080-exec-9" daemon [_thread_blocked, id=19292, stack(0x0000005d32300000,0x0000005d32400000)]
  0x00000200041baa80 JavaThread "http-nio-8080-exec-10" daemon [_thread_blocked, id=5248, stack(0x0000005d32400000,0x0000005d32500000)]
  0x00000200041baf90 JavaThread "http-nio-8080-Poller" daemon [_thread_in_native, id=23116, stack(0x0000005d32500000,0x0000005d32600000)]
  0x00000200041bb4a0 JavaThread "http-nio-8080-Acceptor" daemon [_thread_in_native, id=3224, stack(0x0000005d32600000,0x0000005d32700000)]
  0x00000200041bb9b0 JavaThread "DestroyJavaVM" [_thread_blocked, id=18112, stack(0x0000005d2f300000,0x0000005d2f400000)]

Other Threads:
  0x000002007a7dd210 VMThread "VM Thread" [stack: 0x0000005d2f900000,0x0000005d2fa00000] [id=14880]
  0x000002007ab920e0 WatcherThread [stack: 0x0000005d30400000,0x0000005d30500000] [id=22680]
  0x000002006133e280 GCTaskThread "GC Thread#0" [stack: 0x0000005d2f400000,0x0000005d2f500000] [id=8652]
  0x000002007f63be90 GCTaskThread "GC Thread#1" [stack: 0x0000005d30800000,0x0000005d30900000] [id=15652]
  0x0000020000878f10 GCTaskThread "GC Thread#2" [stack: 0x0000005d30900000,0x0000005d30a00000] [id=7088]
  0x000002007f504c00 GCTaskThread "GC Thread#3" [stack: 0x0000005d30a00000,0x0000005d30b00000] [id=21412]
  0x00000200003c2460 GCTaskThread "GC Thread#4" [stack: 0x0000005d30b00000,0x0000005d30c00000] [id=13676]
  0x000002000007d2f0 GCTaskThread "GC Thread#5" [stack: 0x0000005d30c00000,0x0000005d30d00000] [id=1232]
  0x0000020000bfed20 GCTaskThread "GC Thread#6" [stack: 0x0000005d30e00000,0x0000005d30f00000] [id=8944]
  0x0000020000bf8de0 GCTaskThread "GC Thread#7" [stack: 0x0000005d30f00000,0x0000005d31000000] [id=11212]
  0x0000020000d683f0 GCTaskThread "GC Thread#8" [stack: 0x0000005d31000000,0x0000005d31100000] [id=23164]
  0x0000020000f10880 GCTaskThread "GC Thread#9" [stack: 0x0000005d31100000,0x0000005d31200000] [id=16132]
  0x000002006134f5b0 ConcurrentGCThread "G1 Main Marker" [stack: 0x0000005d2f500000,0x0000005d2f600000] [id=12244]
  0x0000020061351350 ConcurrentGCThread "G1 Conc#0" [stack: 0x0000005d2f600000,0x0000005d2f700000] [id=20712]
  0x0000020000dc2420 ConcurrentGCThread "G1 Conc#1" [stack: 0x0000005d31200000,0x0000005d31300000] [id=6228]
  0x0000020000564cc0 ConcurrentGCThread "G1 Conc#2" [stack: 0x0000005d31300000,0x0000005d31400000] [id=6788]
  0x000002006138ebe0 ConcurrentGCThread "G1 Refine#0" [stack: 0x0000005d2f700000,0x0000005d2f800000] [id=9328]
  0x000002000268ac40 ConcurrentGCThread "G1 Refine#1" [stack: 0x0000005d31a00000,0x0000005d31b00000] [id=5996]
  0x000002007a65c890 ConcurrentGCThread "G1 Service" [stack: 0x0000005d2f800000,0x0000005d2f900000] [id=11464]

Threads with active compile tasks:
C2 CompilerThread0  6020728 7993   !   4       sun.nio.ch.SelectorImpl::lockAndDoSelect (87 bytes)

VM state: not at safepoint (normal execution)

VM Mutex/Monitor currently owned by a thread: None

Heap address: 0x0000000084000000, size: 1984 MB, Compressed Oops mode: 32-bit

CDS archive(s) not mapped
Compressed class space mapped at: 0x0000000100000000-0x0000000140000000, reserved size: 1073741824
Narrow klass base: 0x0000000000000000, Narrow klass shift: 3, Narrow klass range: 0x140000000

GC Precious Log:
 CPUs: 12 total, 12 available
 Memory: 7933M
 Large Page Support: Disabled
 NUMA Support: Disabled
 Compressed Oops: Enabled (32-bit)
 Heap Region Size: 1M
 Heap Min Capacity: 8M
 Heap Initial Capacity: 124M
 Heap Max Capacity: 1984M
 Pre-touch: Disabled
 Parallel Workers: 10
 Concurrent Workers: 3
 Concurrent Refinement Workers: 10
 Periodic GC: Disabled

Heap:
 garbage-first heap   total 81920K, used 41222K [0x0000000084000000, 0x0000000100000000)
  region size 1024K, 4 young (4096K), 3 survivors (3072K)
 Metaspace       used 82549K, committed 83200K, reserved 1179648K
  class space    used 11009K, committed 11328K, reserved 1048576K

Heap Regions: E=young(eden), S=young(survivor), O=old, HS=humongous(starts), HC=humongous(continues), CS=collection set, F=free, OA=open archive, CA=closed archive, TAMS=top-at-mark-start (previous, next)
|   0|0x0000000084000000, 0x0000000084100000, 0x0000000084100000|100%|HS|  |TAMS 0x0000000084100000, 0x0000000084000000| Complete 
|   1|0x0000000084100000, 0x0000000084200000, 0x0000000084200000|100%| O|  |TAMS 0x0000000084200000, 0x0000000084100000| Untracked 
|   2|0x0000000084200000, 0x0000000084300000, 0x0000000084300000|100%| O|  |TAMS 0x0000000084300000, 0x0000000084200000| Untracked 
|   3|0x0000000084300000, 0x0000000084400000, 0x0000000084400000|100%| O|  |TAMS 0x0000000084400000, 0x0000000084300000| Untracked 
|   4|0x0000000084400000, 0x0000000084500000, 0x0000000084500000|100%| O|  |TAMS 0x0000000084500000, 0x0000000084400000| Untracked 
|   5|0x0000000084500000, 0x0000000084600000, 0x0000000084600000|100%| O|  |TAMS 0x0000000084600000, 0x0000000084500000| Untracked 
|   6|0x0000000084600000, 0x0000000084700000, 0x0000000084700000|100%| O|  |TAMS 0x0000000084700000, 0x0000000084600000| Untracked 
|   7|0x0000000084700000, 0x0000000084800000, 0x0000000084800000|100%| O|  |TAMS 0x0000000084800000, 0x0000000084700000| Untracked 
|   8|0x0000000084800000, 0x0000000084900000, 0x0000000084900000|100%| O|  |TAMS 0x0000000084900000, 0x0000000084800000| Untracked 
|   9|0x0000000084900000, 0x0000000084a00000, 0x0000000084a00000|100%| O|  |TAMS 0x0000000084a00000, 0x0000000084900000| Untracked 
|  10|0x0000000084a00000, 0x0000000084b00000, 0x0000000084b00000|100%| O|  |TAMS 0x0000000084b00000, 0x0000000084a00000| Untracked 
|  11|0x0000000084b00000, 0x0000000084c00000, 0x0000000084c00000|100%| O|  |TAMS 0x0000000084c00000, 0x0000000084b00000| Untracked 
|  12|0x0000000084c00000, 0x0000000084d00000, 0x0000000084d00000|100%| O|  |TAMS 0x0000000084d00000, 0x0000000084c00000| Untracked 
|  13|0x0000000084d00000, 0x0000000084e00000, 0x0000000084e00000|100%| O|  |TAMS 0x0000000084e00000, 0x0000000084d00000| Untracked 
|  14|0x0000000084e00000, 0x0000000084f00000, 0x0000000084f00000|100%| O|  |TAMS 0x0000000084f00000, 0x0000000084e00000| Untracked 
|  15|0x0000000084f00000, 0x0000000085000000, 0x0000000085000000|100%| O|  |TAMS 0x0000000085000000, 0x0000000084f00000| Untracked 
|  16|0x0000000085000000, 0x0000000085100000, 0x0000000085100000|100%| O|  |TAMS 0x0000000085100000, 0x0000000085000000| Untracked 
|  17|0x0000000085100000, 0x0000000085200000, 0x0000000085200000|100%| O|  |TAMS 0x0000000085200000, 0x0000000085100000| Untracked 
|  18|0x0000000085200000, 0x0000000085300000, 0x0000000085300000|100%| O|  |TAMS 0x0000000085300000, 0x0000000085200000| Untracked 
|  19|0x0000000085300000, 0x0000000085400000, 0x0000000085400000|100%| O|  |TAMS 0x0000000085400000, 0x0000000085300000| Untracked 
|  20|0x0000000085400000, 0x0000000085500000, 0x0000000085500000|100%| O|  |TAMS 0x0000000085500000, 0x0000000085400000| Untracked 
|  21|0x0000000085500000, 0x0000000085600000, 0x0000000085600000|100%| O|  |TAMS 0x0000000085600000, 0x0000000085500000| Untracked 
|  22|0x0000000085600000, 0x0000000085700000, 0x0000000085700000|100%| O|  |TAMS 0x0000000085700000, 0x0000000085600000| Untracked 
|  23|0x0000000085700000, 0x0000000085800000, 0x0000000085800000|100%| O|  |TAMS 0x0000000085800000, 0x0000000085700000| Untracked 
|  24|0x0000000085800000, 0x0000000085900000, 0x0000000085900000|100%| O|  |TAMS 0x0000000085900000, 0x0000000085800000| Untracked 
|  25|0x0000000085900000, 0x0000000085a00000, 0x0000000085a00000|100%| O|  |TAMS 0x0000000085a00000, 0x0000000085900000| Untracked 
|  26|0x0000000085a00000, 0x0000000085b00000, 0x0000000085b00000|100%| O|  |TAMS 0x0000000085b00000, 0x0000000085a00000| Untracked 
|  27|0x0000000085b00000, 0x0000000085b00000, 0x0000000085c00000|  0%| F|  |TAMS 0x0000000085b00000, 0x0000000085b00000| Untracked 
|  28|0x0000000085c00000, 0x0000000085d00000, 0x0000000085d00000|100%| O|  |TAMS 0x0000000085c00000, 0x0000000085c00000| Untracked 
|  29|0x0000000085d00000, 0x0000000085e00000, 0x0000000085e00000|100%| O|  |TAMS 0x0000000085e00000, 0x0000000085d00000| Untracked 
|  30|0x0000000085e00000, 0x0000000085f00000, 0x0000000085f00000|100%| O|  |TAMS 0x0000000085e00000, 0x0000000085e00000| Untracked 
|  31|0x0000000085f00000, 0x0000000086000000, 0x0000000086000000|100%| O|  |TAMS 0x0000000086000000, 0x0000000085f00000| Untracked 
|  32|0x0000000086000000, 0x0000000086100000, 0x0000000086100000|100%| O|  |TAMS 0x0000000086100000, 0x0000000086000000| Untracked 
|  33|0x0000000086100000, 0x0000000086200000, 0x0000000086200000|100%| O|  |TAMS 0x0000000086200000, 0x0000000086100000| Untracked 
|  34|0x0000000086200000, 0x0000000086300000, 0x0000000086300000|100%| O|  |TAMS 0x0000000086300000, 0x0000000086200000| Complete 
|  35|0x0000000086300000, 0x0000000086400000, 0x0000000086400000|100%| O|  |TAMS 0x0000000086400000, 0x0000000086300000| Untracked 
|  36|0x0000000086400000, 0x0000000086500000, 0x0000000086500000|100%| O|  |TAMS 0x0000000086500000, 0x0000000086400000| Untracked 
|  37|0x0000000086500000, 0x0000000086600000, 0x0000000086600000|100%| O|  |TAMS 0x0000000086524600, 0x0000000086500000| Untracked 
|  38|0x0000000086600000, 0x0000000086700000, 0x0000000086700000|100%| O|  |TAMS 0x0000000086600000, 0x0000000086600000| Untracked 
|  39|0x0000000086700000, 0x0000000086700000, 0x0000000086800000|  0%| F|  |TAMS 0x0000000086700000, 0x0000000086700000| Untracked 
|  40|0x0000000086800000, 0x0000000086800000, 0x0000000086900000|  0%| F|  |TAMS 0x0000000086800000, 0x0000000086800000| Untracked 
|  41|0x0000000086900000, 0x0000000086900000, 0x0000000086a00000|  0%| F|  |TAMS 0x0000000086900000, 0x0000000086900000| Untracked 
|  42|0x0000000086a00000, 0x0000000086a00000, 0x0000000086b00000|  0%| F|  |TAMS 0x0000000086a00000, 0x0000000086a00000| Untracked 
|  43|0x0000000086b00000, 0x0000000086b00000, 0x0000000086c00000|  0%| F|  |TAMS 0x0000000086b00000, 0x0000000086b00000| Untracked 
|  44|0x0000000086c00000, 0x0000000086c00000, 0x0000000086d00000|  0%| F|  |TAMS 0x0000000086c00000, 0x0000000086c00000| Untracked 
|  45|0x0000000086d00000, 0x0000000086d00000, 0x0000000086e00000|  0%| F|  |TAMS 0x0000000086d00000, 0x0000000086d00000| Untracked 
|  46|0x0000000086e00000, 0x0000000086e00000, 0x0000000086f00000|  0%| F|  |TAMS 0x0000000086e00000, 0x0000000086e00000| Untracked 
|  47|0x0000000086f00000, 0x0000000086f00000, 0x0000000087000000|  0%| F|  |TAMS 0x0000000086f00000, 0x0000000086f00000| Untracked 
|  48|0x0000000087000000, 0x0000000087000000, 0x0000000087100000|  0%| F|  |TAMS 0x0000000087000000, 0x0000000087000000| Untracked 
|  49|0x0000000087100000, 0x0000000087100000, 0x0000000087200000|  0%| F|  |TAMS 0x0000000087100000, 0x0000000087100000| Untracked 
|  50|0x0000000087200000, 0x0000000087200000, 0x0000000087300000|  0%| F|  |TAMS 0x0000000087200000, 0x0000000087200000| Untracked 
|  51|0x0000000087300000, 0x0000000087300000, 0x0000000087400000|  0%| F|  |TAMS 0x0000000087300000, 0x0000000087300000| Untracked 
|  52|0x0000000087400000, 0x0000000087400000, 0x0000000087500000|  0%| F|  |TAMS 0x0000000087400000, 0x0000000087400000| Untracked 
|  53|0x0000000087500000, 0x0000000087500000, 0x0000000087600000|  0%| F|  |TAMS 0x0000000087500000, 0x0000000087500000| Untracked 
|  54|0x0000000087600000, 0x0000000087600000, 0x0000000087700000|  0%| F|  |TAMS 0x0000000087600000, 0x0000000087600000| Untracked 
|  55|0x0000000087700000, 0x0000000087741aa0, 0x0000000087800000| 25%| S|CS|TAMS 0x0000000087700000, 0x0000000087700000| Complete 
|  56|0x0000000087800000, 0x0000000087900000, 0x0000000087900000|100%| S|CS|TAMS 0x0000000087800000, 0x0000000087800000| Complete 
|  57|0x0000000087900000, 0x0000000087a00000, 0x0000000087a00000|100%| S|CS|TAMS 0x0000000087900000, 0x0000000087900000| Complete 
|  58|0x0000000087a00000, 0x0000000087a00000, 0x0000000087b00000|  0%| F|  |TAMS 0x0000000087a00000, 0x0000000087a00000| Untracked 
|  59|0x0000000087b00000, 0x0000000087b00000, 0x0000000087c00000|  0%| F|  |TAMS 0x0000000087b00000, 0x0000000087b00000| Untracked 
|  60|0x0000000087c00000, 0x0000000087c00000, 0x0000000087d00000|  0%| F|  |TAMS 0x0000000087c00000, 0x0000000087c00000| Untracked 
|  61|0x0000000087d00000, 0x0000000087d00000, 0x0000000087e00000|  0%| F|  |TAMS 0x0000000087d00000, 0x0000000087d00000| Untracked 
|  62|0x0000000087e00000, 0x0000000087e00000, 0x0000000087f00000|  0%| F|  |TAMS 0x0000000087e00000, 0x0000000087e00000| Untracked 
|  63|0x0000000087f00000, 0x0000000087f00000, 0x0000000088000000|  0%| F|  |TAMS 0x0000000087f00000, 0x0000000087f00000| Untracked 
|  64|0x0000000088000000, 0x0000000088000000, 0x0000000088100000|  0%| F|  |TAMS 0x0000000088000000, 0x0000000088000000| Untracked 
|  65|0x0000000088100000, 0x0000000088100000, 0x0000000088200000|  0%| F|  |TAMS 0x0000000088100000, 0x0000000088100000| Untracked 
|  66|0x0000000088200000, 0x0000000088200000, 0x0000000088300000|  0%| F|  |TAMS 0x0000000088200000, 0x0000000088200000| Untracked 
|  67|0x0000000088300000, 0x0000000088300000, 0x0000000088400000|  0%| F|  |TAMS 0x0000000088300000, 0x0000000088300000| Untracked 
|  68|0x0000000088400000, 0x0000000088400000, 0x0000000088500000|  0%| F|  |TAMS 0x0000000088400000, 0x0000000088400000| Untracked 
|  69|0x0000000088500000, 0x0000000088500000, 0x0000000088600000|  0%| F|  |TAMS 0x0000000088500000, 0x0000000088500000| Untracked 
|  70|0x0000000088600000, 0x0000000088600000, 0x0000000088700000|  0%| F|  |TAMS 0x0000000088600000, 0x0000000088600000| Untracked 
|  71|0x0000000088700000, 0x0000000088700000, 0x0000000088800000|  0%| F|  |TAMS 0x0000000088700000, 0x0000000088700000| Untracked 
|  72|0x0000000088800000, 0x0000000088800000, 0x0000000088900000|  0%| F|  |TAMS 0x0000000088800000, 0x0000000088800000| Untracked 
|  73|0x0000000088900000, 0x0000000088900000, 0x0000000088a00000|  0%| F|  |TAMS 0x0000000088900000, 0x0000000088900000| Untracked 
|  74|0x0000000088a00000, 0x0000000088a00000, 0x0000000088b00000|  0%| F|  |TAMS 0x0000000088a00000, 0x0000000088a00000| Untracked 
|  75|0x0000000088b00000, 0x0000000088b00000, 0x0000000088c00000|  0%| F|  |TAMS 0x0000000088b00000, 0x0000000088b00000| Untracked 
| 119|0x000000008b700000, 0x000000008b700000, 0x000000008b800000|  0%| F|  |TAMS 0x000000008b700000, 0x000000008b700000| Untracked 
| 120|0x000000008b800000, 0x000000008b800000, 0x000000008b900000|  0%| F|  |TAMS 0x000000008b800000, 0x000000008b800000| Untracked 
| 121|0x000000008b900000, 0x000000008b900000, 0x000000008ba00000|  0%| F|  |TAMS 0x000000008b900000, 0x000000008b900000| Untracked 
| 123|0x000000008bb00000, 0x000000008bb1d808, 0x000000008bc00000| 11%| E|  |TAMS 0x000000008bb00000, 0x000000008bb00000| Complete 

Card table byte_map: [0x00000200738b0000,0x0000020073c90000] _byte_map_base: 0x0000020073490000

Marking Bits (Prev, Next): (CMBitMap*) 0x000002006133e7b0, (CMBitMap*) 0x000002006133e7f0
 Prev Bits: [0x0000020074070000, 0x0000020075f70000)
 Next Bits: [0x0000020075f70000, 0x0000020077e70000)

Polling page: 0x000002005f210000

Metaspace:

Usage:
  Non-class:     69.86 MB used.
      Class:     10.75 MB used.
       Both:     80.62 MB used.

Virtual space:
  Non-class space:      128.00 MB reserved,      70.19 MB ( 55%) committed,  2 nodes.
      Class space:        1.00 GB reserved,      11.06 MB (  1%) committed,  1 nodes.
             Both:        1.12 GB reserved,      81.25 MB (  7%) committed. 

Chunk freelists:
   Non-Class:  8.98 MB
       Class:  4.86 MB
        Both:  13.83 MB

MaxMetaspaceSize: unlimited
CompressedClassSpaceSize: 1.00 GB
Initial GC threshold: 21.00 MB
Current GC threshold: 135.00 MB
CDS: off
MetaspaceReclaimPolicy: balanced
 - commit_granule_bytes: 65536.
 - commit_granule_words: 8192.
 - virtual_space_node_default_size: 8388608.
 - enlarge_chunks_in_place: 1.
 - new_chunks_are_fully_committed: 0.
 - uncommit_free_chunks: 1.
 - use_allocation_guard: 0.
 - handle_deallocations: 1.


Internal statistics:

num_allocs_failed_limit: 11.
num_arena_births: 858.
num_arena_deaths: 0.
num_vsnodes_births: 3.
num_vsnodes_deaths: 0.
num_space_committed: 1300.
num_space_uncommitted: 0.
num_chunks_returned_to_freelist: 11.
num_chunks_taken_from_freelist: 3537.
num_chunk_merges: 8.
num_chunk_splits: 2532.
num_chunks_enlarged: 1982.
num_inconsistent_stats: 0.

CodeHeap 'non-profiled nmethods': size=120000Kb used=5015Kb max_used=5015Kb free=114985Kb
 bounds [0x000002006ba40000, 0x000002006bf30000, 0x0000020072f70000]
CodeHeap 'profiled nmethods': size=120000Kb used=14031Kb max_used=14031Kb free=105968Kb
 bounds [0x0000020063f70000, 0x0000020064d30000, 0x000002006b4a0000]
CodeHeap 'non-nmethods': size=5760Kb used=1383Kb max_used=1439Kb free=4376Kb
 bounds [0x000002006b4a0000, 0x000002006b710000, 0x000002006ba40000]
 total_blobs=7900 nmethods=7177 adapters=634
 compilation: enabled
              stopped_count=0, restarted_count=0
 full_count=0

Compilation events (20 events):
Event: 5559.788 Thread 0x000002007ab862c0 nmethod 7983 0x0000020064d1f510 code [0x0000020064d1f6a0, 0x0000020064d1f7f8]
Event: 5559.788 Thread 0x000002007ab862c0 7984       3       sun.security.util.ECParameters::engineInit (148 bytes)
Event: 5559.789 Thread 0x000002007ab862c0 nmethod 7984 0x0000020064d1f890 code [0x0000020064d1fc00, 0x0000020064d21458]
Event: 5559.805 Thread 0x000002007ab862c0 7985       3       sun.security.ssl.HandshakeHash::update (43 bytes)
Event: 5559.806 Thread 0x000002007ab862c0 nmethod 7985 0x0000020064d21a10 code [0x0000020064d21c00, 0x0000020064d221c8]
Event: 5559.806 Thread 0x000002007ab862c0 7986       3       sun.security.ssl.ContentType::valueOf (39 bytes)
Event: 5559.806 Thread 0x000002007ab862c0 nmethod 7986 0x0000020064d22410 code [0x0000020064d225e0, 0x0000020064d22a08]
Event: 5559.807 Thread 0x000002007ab859b0 7987       4       java.util.ImmutableCollections$Set12$1::hasNext (13 bytes)
Event: 5559.808 Thread 0x000002007ab862c0 7988       3       java.math.MutableBigInteger::toIntArray (39 bytes)
Event: 5559.808 Thread 0x000002007ab859b0 nmethod 7987 0x000002006bf24b90 code [0x000002006bf24d00, 0x000002006bf24d98]
Event: 5559.808 Thread 0x000002007ab862c0 nmethod 7988 0x0000020064d22b90 code [0x0000020064d22d40, 0x0000020064d22fd8]
Event: 5559.810 Thread 0x000002007ab862c0 7989       3       com.mysql.cj.protocol.result.AbstractResultsetRow::setMetadata (7 bytes)
Event: 5559.810 Thread 0x000002007ab862c0 nmethod 7989 0x0000020064d23110 code [0x0000020064d232a0, 0x0000020064d233f8]
Event: 5563.303 Thread 0x000002007ab862c0 7990       1       sun.security.util.DerOutputStream::buf (5 bytes)
Event: 5563.303 Thread 0x000002007ab862c0 nmethod 7990 0x000002006bf24e90 code [0x000002006bf25020, 0x000002006bf250f8]
Event: 5563.305 Thread 0x000002007ab859b0 7991  s    4       java.io.ByteArrayOutputStream::write (32 bytes)
Event: 5563.309 Thread 0x000002007ab862c0 7992       3       sun.security.ssl.Utilities::getBooleanProperty (65 bytes)
Event: 5563.310 Thread 0x000002007ab862c0 nmethod 7992 0x0000020064d23490 code [0x0000020064d23800, 0x0000020064d24ab8]
Event: 5563.310 Thread 0x000002007ab859b0 nmethod 7991 0x000002006bf25190 code [0x000002006bf25320, 0x000002006bf259d8]
Event: 6018.651 Thread 0x000002007ab859b0 7993   !   4       sun.nio.ch.SelectorImpl::lockAndDoSelect (87 bytes)

GC Heap History (20 events):
Event: 3.177 GC heap before
{Heap before GC invocations=14 (full 0):
 garbage-first heap   total 61440K, used 46472K [0x0000000084000000, 0x0000000100000000)
  region size 1024K, 29 young (29696K), 3 survivors (3072K)
 Metaspace       used 58793K, committed 59264K, reserved 1114112K
  class space    used 7658K, committed 7872K, reserved 1048576K
}
Event: 3.180 GC heap after
{Heap after GC invocations=15 (full 0):
 garbage-first heap   total 61440K, used 22596K [0x0000000084000000, 0x0000000100000000)
  region size 1024K, 2 young (2048K), 2 survivors (2048K)
 Metaspace       used 58793K, committed 59264K, reserved 1114112K
  class space    used 7658K, committed 7872K, reserved 1048576K
}
Event: 3.236 GC heap before
{Heap before GC invocations=15 (full 0):
 garbage-first heap   total 61440K, used 25668K [0x0000000084000000, 0x0000000100000000)
  region size 1024K, 6 young (6144K), 2 survivors (2048K)
 Metaspace       used 60083K, committed 60480K, reserved 1114112K
  class space    used 7809K, committed 8000K, reserved 1048576K
}
Event: 3.238 GC heap after
{Heap after GC invocations=16 (full 0):
 garbage-first heap   total 61440K, used 22780K [0x0000000084000000, 0x0000000100000000)
  region size 1024K, 2 young (2048K), 2 survivors (2048K)
 Metaspace       used 60083K, committed 60480K, reserved 1114112K
  class space    used 7809K, committed 8000K, reserved 1048576K
}
Event: 3.563 GC heap before
{Heap before GC invocations=17 (full 0):
 garbage-first heap   total 61440K, used 47356K [0x0000000084000000, 0x0000000100000000)
  region size 1024K, 27 young (27648K), 2 survivors (2048K)
 Metaspace       used 65511K, committed 66048K, reserved 1114112K
  class space    used 8766K, committed 9024K, reserved 1048576K
}
Event: 3.566 GC heap after
{Heap after GC invocations=18 (full 0):
 garbage-first heap   total 81920K, used 23868K [0x0000000084000000, 0x0000000100000000)
  region size 1024K, 3 young (3072K), 3 survivors (3072K)
 Metaspace       used 65511K, committed 66048K, reserved 1114112K
  class space    used 8766K, committed 9024K, reserved 1048576K
}
Event: 4.168 GC heap before
{Heap before GC invocations=18 (full 0):
 garbage-first heap   total 81920K, used 64828K [0x0000000084000000, 0x0000000100000000)
  region size 1024K, 43 young (44032K), 3 survivors (3072K)
 Metaspace       used 72346K, committed 72896K, reserved 1114112K
  class space    used 9665K, committed 9920K, reserved 1048576K
}
Event: 4.173 GC heap after
{Heap after GC invocations=19 (full 0):
 garbage-first heap   total 81920K, used 27598K [0x0000000084000000, 0x0000000100000000)
  region size 1024K, 6 young (6144K), 6 survivors (6144K)
 Metaspace       used 72346K, committed 72896K, reserved 1114112K
  class space    used 9665K, committed 9920K, reserved 1048576K
}
Event: 15.540 GC heap before
{Heap before GC invocations=19 (full 0):
 garbage-first heap   total 81920K, used 62414K [0x0000000084000000, 0x0000000100000000)
  region size 1024K, 41 young (41984K), 6 survivors (6144K)
 Metaspace       used 78855K, committed 79424K, reserved 1179648K
  class space    used 10600K, committed 10880K, reserved 1048576K
}
Event: 15.547 GC heap after
{Heap after GC invocations=20 (full 0):
 garbage-first heap   total 81920K, used 30707K [0x0000000084000000, 0x0000000100000000)
  region size 1024K, 4 young (4096K), 4 survivors (4096K)
 Metaspace       used 78855K, committed 79424K, reserved 1179648K
  class space    used 10600K, committed 10880K, reserved 1048576K
}
Event: 15.905 GC heap before
{Heap before GC invocations=20 (full 0):
 garbage-first heap   total 81920K, used 67571K [0x0000000084000000, 0x0000000100000000)
  region size 1024K, 37 young (37888K), 4 survivors (4096K)
 Metaspace       used 81395K, committed 81984K, reserved 1179648K
  class space    used 10933K, committed 11200K, reserved 1048576K
}
Event: 15.909 GC heap after
{Heap after GC invocations=21 (full 0):
 garbage-first heap   total 81920K, used 37024K [0x0000000084000000, 0x0000000100000000)
  region size 1024K, 5 young (5120K), 5 survivors (5120K)
 Metaspace       used 81395K, committed 81984K, reserved 1179648K
  class space    used 10933K, committed 11200K, reserved 1048576K
}
Event: 537.915 GC heap before
{Heap before GC invocations=21 (full 0):
 garbage-first heap   total 81920K, used 63648K [0x0000000084000000, 0x0000000100000000)
  region size 1024K, 30 young (30720K), 5 survivors (5120K)
 Metaspace       used 82211K, committed 82752K, reserved 1179648K
  class space    used 10993K, committed 11264K, reserved 1048576K
}
Event: 537.917 GC heap after
{Heap after GC invocations=22 (full 0):
 garbage-first heap   total 81920K, used 35689K [0x0000000084000000, 0x0000000100000000)
  region size 1024K, 3 young (3072K), 3 survivors (3072K)
 Metaspace       used 82211K, committed 82752K, reserved 1179648K
  class space    used 10993K, committed 11264K, reserved 1048576K
}
Event: 537.959 GC heap before
{Heap before GC invocations=22 (full 0):
 garbage-first heap   total 81920K, used 54121K [0x0000000084000000, 0x0000000100000000)
  region size 1024K, 20 young (20480K), 3 survivors (3072K)
 Metaspace       used 82276K, committed 82944K, reserved 1179648K
  class space    used 10994K, committed 11328K, reserved 1048576K
}
Event: 537.962 GC heap after
{Heap after GC invocations=23 (full 0):
 garbage-first heap   total 81920K, used 39057K [0x0000000084000000, 0x0000000100000000)
  region size 1024K, 4 young (4096K), 4 survivors (4096K)
 Metaspace       used 82276K, committed 82944K, reserved 1179648K
  class space    used 10994K, committed 11328K, reserved 1048576K
}
Event: 537.963 GC heap before
{Heap before GC invocations=23 (full 0):
 garbage-first heap   total 81920K, used 43153K [0x0000000084000000, 0x0000000100000000)
  region size 1024K, 8 young (8192K), 4 survivors (4096K)
 Metaspace       used 82279K, committed 82944K, reserved 1179648K
  class space    used 10994K, committed 11328K, reserved 1048576K
}
Event: 537.966 GC heap after
{Heap after GC invocations=24 (full 0):
 garbage-first heap   total 81920K, used 39847K [0x0000000084000000, 0x0000000100000000)
  region size 1024K, 3 young (3072K), 3 survivors (3072K)
 Metaspace       used 82279K, committed 82944K, reserved 1179648K
  class space    used 10994K, committed 11328K, reserved 1048576K
}
Event: 5656.947 GC heap before
{Heap before GC invocations=25 (full 0):
 garbage-first heap   total 81920K, used 59303K [0x0000000084000000, 0x0000000100000000)
  region size 1024K, 22 young (22528K), 3 survivors (3072K)
 Metaspace       used 82549K, committed 83200K, reserved 1179648K
  class space    used 11009K, committed 11328K, reserved 1048576K
}
Event: 5656.971 GC heap after
{Heap after GC invocations=26 (full 0):
 garbage-first heap   total 81920K, used 41222K [0x0000000084000000, 0x0000000100000000)
  region size 1024K, 3 young (3072K), 3 survivors (3072K)
 Metaspace       used 82549K, committed 83200K, reserved 1179648K
  class space    used 11009K, committed 11328K, reserved 1048576K
}

Dll operation events (10 events):
Event: 0.004 Loaded shared library C:\Users\JAVA18\.vscode\extensions\redhat.java-1.36.0-win32-x64\jre\17.0.13-win32-x86_64\bin\java.dll
Event: 0.073 Loaded shared library C:\Users\JAVA18\.vscode\extensions\redhat.java-1.36.0-win32-x64\jre\17.0.13-win32-x86_64\bin\net.dll
Event: 0.074 Loaded shared library C:\Users\JAVA18\.vscode\extensions\redhat.java-1.36.0-win32-x64\jre\17.0.13-win32-x86_64\bin\nio.dll
Event: 0.077 Loaded shared library C:\Users\JAVA18\.vscode\extensions\redhat.java-1.36.0-win32-x64\jre\17.0.13-win32-x86_64\bin\zip.dll
Event: 0.150 Loaded shared library C:\Users\JAVA18\.vscode\extensions\redhat.java-1.36.0-win32-x64\jre\17.0.13-win32-x86_64\bin\jimage.dll
Event: 0.818 Loaded shared library C:\Users\JAVA18\.vscode\extensions\redhat.java-1.36.0-win32-x64\jre\17.0.13-win32-x86_64\bin\sunmscapi.dll
Event: 1.961 Loaded shared library C:\Users\JAVA18\.vscode\extensions\redhat.java-1.36.0-win32-x64\jre\17.0.13-win32-x86_64\bin\management.dll
Event: 1.968 Loaded shared library C:\Users\JAVA18\.vscode\extensions\redhat.java-1.36.0-win32-x64\jre\17.0.13-win32-x86_64\bin\management_ext.dll
Event: 2.327 Loaded shared library C:\Users\JAVA18\.vscode\extensions\redhat.java-1.36.0-win32-x64\jre\17.0.13-win32-x86_64\bin\verify.dll
Event: 2.568 Loaded shared library C:\Users\JAVA18\.vscode\extensions\redhat.java-1.36.0-win32-x64\jre\17.0.13-win32-x86_64\bin\extnet.dll

Deoptimization events (20 events):
Event: 5536.560 Thread 0x00000200023d9a70 Uncommon trap: trap_request=0xffffffbe fr.pc=0x000002006bf1a3b0 relative=0x00000000000000b0
Event: 5536.560 Thread 0x00000200023d9a70 Uncommon trap: reason=profile_predicate action=maybe_recompile pc=0x000002006bf1a3b0 method=java.math.BigInteger.longValue()J @ 5 c2
Event: 5536.560 Thread 0x00000200023d9a70 DEOPT PACKING pc=0x000002006bf1a3b0 sp=0x0000005d2f1fd750
Event: 5536.560 Thread 0x00000200023d9a70 DEOPT UNPACKING pc=0x000002006b4f69a3 sp=0x0000005d2f1fd6d0 mode 2
Event: 5536.560 Thread 0x00000200023d9a70 Uncommon trap: trap_request=0xffffffbe fr.pc=0x000002006bf19908 relative=0x0000000000000a48
Event: 5536.560 Thread 0x00000200023d9a70 Uncommon trap: reason=profile_predicate action=maybe_recompile pc=0x000002006bf19908 method=java.math.BigInteger.montReduce([I[III)[I @ 56 c2
Event: 5536.560 Thread 0x00000200023d9a70 DEOPT PACKING pc=0x000002006bf19908 sp=0x0000005d2f1fd6f0
Event: 5536.560 Thread 0x00000200023d9a70 DEOPT UNPACKING pc=0x000002006b4f69a3 sp=0x0000005d2f1fd6b8 mode 2
Event: 5536.560 Thread 0x00000200023d9a70 Uncommon trap: trap_request=0xffffffbe fr.pc=0x000002006bf19908 relative=0x0000000000000a48
Event: 5536.560 Thread 0x00000200023d9a70 Uncommon trap: reason=profile_predicate action=maybe_recompile pc=0x000002006bf19908 method=java.math.BigInteger.montReduce([I[III)[I @ 56 c2
Event: 5536.560 Thread 0x00000200023d9a70 DEOPT PACKING pc=0x000002006bf19908 sp=0x0000005d2f1fd6e0
Event: 5536.560 Thread 0x00000200023d9a70 DEOPT UNPACKING pc=0x000002006b4f69a3 sp=0x0000005d2f1fd6c8 mode 2
Event: 5536.560 Thread 0x00000200023d9a70 Uncommon trap: trap_request=0xffffffbe fr.pc=0x000002006bf19908 relative=0x0000000000000a48
Event: 5536.560 Thread 0x00000200023d9a70 Uncommon trap: reason=profile_predicate action=maybe_recompile pc=0x000002006bf19908 method=java.math.BigInteger.montReduce([I[III)[I @ 56 c2
Event: 5536.560 Thread 0x00000200023d9a70 DEOPT PACKING pc=0x000002006bf19908 sp=0x0000005d2f1fd800
Event: 5536.560 Thread 0x00000200023d9a70 DEOPT UNPACKING pc=0x000002006b4f69a3 sp=0x0000005d2f1fd7e8 mode 2
Event: 5536.560 Thread 0x00000200023d9a70 Uncommon trap: trap_request=0xffffffbe fr.pc=0x000002006bf19908 relative=0x0000000000000a48
Event: 5536.560 Thread 0x00000200023d9a70 Uncommon trap: reason=profile_predicate action=maybe_recompile pc=0x000002006bf19908 method=java.math.BigInteger.montReduce([I[III)[I @ 56 c2
Event: 5536.560 Thread 0x00000200023d9a70 DEOPT PACKING pc=0x000002006bf19908 sp=0x0000005d2f1fd6f0
Event: 5536.560 Thread 0x00000200023d9a70 DEOPT UNPACKING pc=0x000002006b4f69a3 sp=0x0000005d2f1fd6b8 mode 2

Classes loaded (20 events):
Event: 77.930 Loading class jdk/internal/reflect/GeneratedMethodAccessor29
Event: 77.930 Loading class jdk/internal/reflect/GeneratedMethodAccessor29 done
Event: 77.930 Loading class jdk/internal/reflect/GeneratedMethodAccessor29
Event: 77.930 Loading class jdk/internal/reflect/GeneratedMethodAccessor29 done
Event: 78.198 Loading class jdk/internal/reflect/GeneratedMethodAccessor29
Event: 78.198 Loading class jdk/internal/reflect/GeneratedMethodAccessor29 done
Event: 78.199 Loading class jdk/internal/reflect/GeneratedMethodAccessor29
Event: 78.199 Loading class jdk/internal/reflect/GeneratedMethodAccessor29 done
Event: 78.465 Loading class jdk/internal/reflect/GeneratedMethodAccessor29
Event: 78.465 Loading class jdk/internal/reflect/GeneratedMethodAccessor29 done
Event: 78.465 Loading class jdk/internal/reflect/GeneratedMethodAccessor29
Event: 78.465 Loading class jdk/internal/reflect/GeneratedMethodAccessor29 done
Event: 1761.412 Loading class sun/security/ssl/Alert
Event: 1761.413 Loading class sun/security/ssl/Alert done
Event: 1761.413 Loading class sun/security/ssl/Alert$AlertConsumer
Event: 1761.413 Loading class sun/security/ssl/Alert$AlertConsumer done
Event: 1761.414 Loading class sun/security/ssl/Alert$Level
Event: 1761.414 Loading class sun/security/ssl/Alert$Level done
Event: 1761.414 Loading class sun/net/ConnectionResetException
Event: 1761.415 Loading class sun/net/ConnectionResetException done

Classes unloaded (0 events):
No events

Classes redefined (0 events):
No events

Internal exceptions (20 events):
Event: 1780.735 Thread 0x00000200023d6ce0 Exception <a 'java/io/IOException'{0x000000008b70fc78}> (0x000000008b70fc78) 
thrown [s\src\hotspot\share\prims\jni.cpp, line 516]
Event: 1785.908 Thread 0x00000200023d7700 Exception <a 'java/io/IOException'{0x000000008b7f7c28}> (0x000000008b7f7c28) 
thrown [s\src\hotspot\share\prims\jni.cpp, line 516]
Event: 1785.908 Thread 0x00000200023d7700 Exception <a 'java/io/IOException'{0x000000008b7f8768}> (0x000000008b7f8768) 
thrown [s\src\hotspot\share\prims\jni.cpp, line 516]
Event: 1790.643 Thread 0x00000200023d7700 Exception <a 'java/io/IOException'{0x000000008b7fdf88}> (0x000000008b7fdf88) 
thrown [s\src\hotspot\share\prims\jni.cpp, line 516]
Event: 3767.657 Thread 0x00000200023d9050 Exception <a 'java/io/IOException'{0x00000000885c5868}> (0x00000000885c5868) 
thrown [s\src\hotspot\share\prims\jni.cpp, line 516]
Event: 3767.657 Thread 0x00000200023d9050 Exception <a 'java/io/IOException'{0x00000000885c63a8}> (0x00000000885c63a8) 
thrown [s\src\hotspot\share\prims\jni.cpp, line 516]
Event: 3767.658 Thread 0x00000200023d9050 Exception <a 'java/net/SocketException'{0x00000000885c9260}: Connection reset by peer: shutdown> (0x00000000885c9260) 
thrown [s\src\hotspot\share\prims\jni.cpp, line 535]
Event: 5381.431 Thread 0x0000020002742900 Implicit null exception at 0x000002006bf10d15 to 0x000002006bf10fa0
Event: 5382.435 Thread 0x0000020002742900 Implicit null exception at 0x000002006bf10d15 to 0x000002006bf10fa0
Event: 5383.429 Thread 0x0000020002742900 Implicit null exception at 0x000002006bf10d15 to 0x000002006bf10fa0
Event: 5384.424 Thread 0x0000020002742de0 Implicit null exception at 0x000002006bf10d15 to 0x000002006bf10fa0
Event: 5385.424 Thread 0x0000020002742de0 Implicit null exception at 0x000002006bf11613 to 0x000002006bf118a0
Event: 5532.724 Thread 0x00000200023d5db0 Exception <a 'java/io/IOException'{0x0000000087e7f368}> (0x0000000087e7f368) 
thrown [s\src\hotspot\share\prims\jni.cpp, line 516]
Event: 5532.725 Thread 0x00000200023d5db0 Exception <a 'java/io/IOException'{0x0000000087e7fea8}> (0x0000000087e7fea8) 
thrown [s\src\hotspot\share\prims\jni.cpp, line 516]
Event: 5541.576 Thread 0x00000200023d5db0 Exception <a 'java/io/IOException'{0x0000000087c4d658}> (0x0000000087c4d658) 
thrown [s\src\hotspot\share\prims\jni.cpp, line 516]
Event: 5541.576 Thread 0x00000200023d5db0 Exception <a 'java/io/IOException'{0x0000000087c4e198}> (0x0000000087c4e198) 
thrown [s\src\hotspot\share\prims\jni.cpp, line 516]
Event: 5543.775 Thread 0x00000200023d5db0 Exception <a 'java/io/IOException'{0x0000000087c50a90}> (0x0000000087c50a90) 
thrown [s\src\hotspot\share\prims\jni.cpp, line 516]
Event: 5543.788 Thread 0x00000200023d5db0 Exception <a 'java/io/IOException'{0x0000000087c515d0}> (0x0000000087c515d0) 
thrown [s\src\hotspot\share\prims\jni.cpp, line 516]
Event: 5559.780 Thread 0x00000200023d9050 Exception <a 'java/io/IOException'{0x0000000087a1af40}> (0x0000000087a1af40) 
thrown [s\src\hotspot\share\prims\jni.cpp, line 516]
Event: 5559.781 Thread 0x00000200023d9050 Exception <a 'java/io/IOException'{0x0000000087a1ba80}> (0x0000000087a1ba80) 
thrown [s\src\hotspot\share\prims\jni.cpp, line 516]

VM Operations (20 events):
Event: 4336.092 Executing VM operation: Cleanup
Event: 4336.092 Executing VM operation: Cleanup done
Event: 4347.199 Executing VM operation: HandshakeAllThreads
Event: 4347.199 Executing VM operation: HandshakeAllThreads done
Event: 5533.525 Executing VM operation: Cleanup
Event: 5533.525 Executing VM operation: Cleanup done
Event: 5535.539 Executing VM operation: Cleanup
Event: 5535.539 Executing VM operation: Cleanup done
Event: 5541.589 Executing VM operation: Cleanup
Event: 5541.589 Executing VM operation: Cleanup done
Event: 5546.630 Executing VM operation: Cleanup
Event: 5546.630 Executing VM operation: Cleanup done
Event: 5548.676 Executing VM operation: Cleanup
Event: 5548.676 Executing VM operation: Cleanup done
Event: 5560.774 Executing VM operation: Cleanup
Event: 5560.774 Executing VM operation: Cleanup done
Event: 5563.796 Executing VM operation: Cleanup
Event: 5563.796 Executing VM operation: Cleanup done
Event: 5656.947 Executing VM operation: G1CollectForAllocation
Event: 5656.971 Executing VM operation: G1CollectForAllocation done

Memory protections (0 events):
No events

Nmethod flushes (20 events):
Event: 3.115 Thread 0x000002007ab87740 flushing  nmethod 0x000002006484f010
Event: 3.115 Thread 0x000002007ab87740 flushing  nmethod 0x0000020064850010
Event: 3.115 Thread 0x000002007ab87740 flushing  nmethod 0x0000020064859490
Event: 3.115 Thread 0x000002007ab87740 flushing  nmethod 0x0000020064859910
Event: 3.115 Thread 0x000002007ab87740 flushing  nmethod 0x000002006485a590
Event: 3.115 Thread 0x000002007ab87740 flushing  nmethod 0x000002006485aa10
Event: 3.115 Thread 0x000002007ab87740 flushing  nmethod 0x000002006485ae90
Event: 3.115 Thread 0x000002007ab87740 flushing  nmethod 0x000002006485d690
Event: 3.115 Thread 0x000002007ab87740 flushing  nmethod 0x000002006485f590
Event: 3.115 Thread 0x000002007ab87740 flushing  nmethod 0x000002006485f890
Event: 3.115 Thread 0x000002007ab87740 flushing  nmethod 0x000002006485fd10
Event: 3.115 Thread 0x000002007ab87740 flushing  nmethod 0x0000020064862d10
Event: 3.115 Thread 0x000002007ab87740 flushing  nmethod 0x0000020064864210
Event: 3.115 Thread 0x000002007ab87740 flushing  nmethod 0x0000020064865f10
Event: 3.115 Thread 0x000002007ab87740 flushing  nmethod 0x0000020064866490
Event: 3.115 Thread 0x000002007ab87740 flushing  nmethod 0x0000020064866890
Event: 3.115 Thread 0x000002007ab87740 flushing  nmethod 0x0000020064869190
Event: 3.115 Thread 0x000002007ab87740 flushing  nmethod 0x0000020064879410
Event: 3.116 Thread 0x000002007ab87740 flushing  nmethod 0x00000200648e4d90
Event: 15.465 Thread 0x000002007ab87740 flushing  nmethod 0x00000200647fa210

Events (20 events):
Event: 1785.906 Thread 0x00000200036448f0 Thread added: 0x00000200023d7700
Event: 1785.909 Thread 0x00000200023d7700 Thread added: 0x00000200023d6ce0
Event: 1802.461 Thread 0x00000200023d7700 Thread exited: 0x00000200023d7700
Event: 1802.515 Thread 0x00000200023d6ce0 Thread exited: 0x00000200023d6ce0
Event: 3767.646 Thread 0x00000200036448f0 Thread added: 0x00000200023d9050
Event: 3767.650 Thread 0x00000200023d9050 Thread added: 0x00000200023d7700
Event: 3768.134 Thread 0x000002007ab862c0 Thread added: 0x0000020003cf0ad0
Event: 3772.665 Thread 0x00000200023d9050 Thread exited: 0x00000200023d9050
Event: 3773.242 Thread 0x00000200023d7700 Thread exited: 0x00000200023d7700
Event: 3773.337 Thread 0x0000020003cf0ad0 Thread exited: 0x0000020003cf0ad0
Event: 5532.721 Thread 0x00000200036448f0 Thread added: 0x00000200023d5db0
Event: 5532.725 Thread 0x00000200023d5db0 Thread added: 0x00000200023d9a70
Event: 5541.558 Thread 0x00000200023d5db0 Thread exited: 0x00000200023d5db0
Event: 5541.574 Thread 0x00000200036448f0 Thread added: 0x00000200023d5db0
Event: 5553.035 Thread 0x00000200023d5db0 Thread exited: 0x00000200023d5db0
Event: 5553.084 Thread 0x00000200023d9a70 Thread exited: 0x00000200023d9a70
Event: 5559.778 Thread 0x00000200036448f0 Thread added: 0x00000200023d9050
Event: 5559.781 Thread 0x00000200023d9050 Thread added: 0x00000200023d9560
Event: 5568.290 Thread 0x00000200023d9050 Thread exited: 0x00000200023d9050
Event: 5568.354 Thread 0x00000200023d9560 Thread exited: 0x00000200023d9560


Dynamic libraries:
0x00007ff7c4880000 - 0x00007ff7c488e000 	C:\Users\JAVA18\.vscode\extensions\redhat.java-1.36.0-win32-x64\jre\17.0.13-win32-x86_64\bin\java.exe
0x00007ffb3dea0000 - 0x00007ffb3e103000 	C:\Windows\SYSTEM32\ntdll.dll
0x00007ffb3d240000 - 0x00007ffb3d307000 	C:\Windows\System32\KERNEL32.DLL
0x00007ffb3b2a0000 - 0x00007ffb3b650000 	C:\Windows\System32\KERNELBASE.dll
0x00007ffb3b860000 - 0x00007ffb3b9ab000 	C:\Windows\System32\ucrtbase.dll
0x00007ffb14c70000 - 0x00007ffb14c87000 	C:\Users\JAVA18\.vscode\extensions\redhat.java-1.36.0-win32-x64\jre\17.0.13-win32-x86_64\bin\jli.dll
0x00007ffb221b0000 - 0x00007ffb221ce000 	C:\Users\JAVA18\.vscode\extensions\redhat.java-1.36.0-win32-x64\jre\17.0.13-win32-x86_64\bin\VCRUNTIME140.dll
0x00007ffb3bd20000 - 0x00007ffb3bee3000 	C:\Windows\System32\USER32.dll
0x00007ffb3b830000 - 0x00007ffb3b857000 	C:\Windows\System32\win32u.dll
0x00007ffb192a0000 - 0x00007ffb19530000 	C:\Windows\WinSxS\amd64_microsoft.windows.common-controls_6595b64144ccf1df_6.0.26100.1882_none_3e0e949ae32eca40\COMCTL32.dll
0x00007ffb3c760000 - 0x00007ffb3c78a000 	C:\Windows\System32\GDI32.dll
0x00007ffb3c030000 - 0x00007ffb3c0d9000 	C:\Windows\System32\msvcrt.dll
0x00007ffb3b9b0000 - 0x00007ffb3bad3000 	C:\Windows\System32\gdi32full.dll
0x00007ffb3b6e0000 - 0x00007ffb3b783000 	C:\Windows\System32\msvcp_win.dll
0x00007ffb3c7e0000 - 0x00007ffb3c80f000 	C:\Windows\System32\IMM32.DLL
0x00007ffb353e0000 - 0x00007ffb353ec000 	C:\Users\JAVA18\.vscode\extensions\redhat.java-1.36.0-win32-x64\jre\17.0.13-win32-x86_64\bin\vcruntime140_1.dll
0x00007ffafd230000 - 0x00007ffafd2bd000 	C:\Users\JAVA18\.vscode\extensions\redhat.java-1.36.0-win32-x64\jre\17.0.13-win32-x86_64\bin\msvcp140.dll
0x00007ffaea170000 - 0x00007ffaeaddb000 	C:\Users\JAVA18\.vscode\extensions\redhat.java-1.36.0-win32-x64\jre\17.0.13-win32-x86_64\bin\server\jvm.dll
0x00007ffb3c570000 - 0x00007ffb3c624000 	C:\Windows\System32\ADVAPI32.dll
0x00007ffb3d8d0000 - 0x00007ffb3d976000 	C:\Windows\System32\sechost.dll
0x00007ffb3bf10000 - 0x00007ffb3c026000 	C:\Windows\System32\RPCRT4.dll
0x00007ffb3dde0000 - 0x00007ffb3de54000 	C:\Windows\System32\WS2_32.dll
0x00007ffb3aae0000 - 0x00007ffb3ab2e000 	C:\Windows\SYSTEM32\POWRPROF.dll
0x00007ffb30f30000 - 0x00007ffb30f66000 	C:\Windows\SYSTEM32\WINMM.dll
0x00007ffb296e0000 - 0x00007ffb296eb000 	C:\Windows\SYSTEM32\VERSION.dll
0x00007ffb3aa60000 - 0x00007ffb3aa74000 	C:\Windows\SYSTEM32\UMPDC.dll
0x00007ffb3a0c0000 - 0x00007ffb3a0da000 	C:\Windows\SYSTEM32\kernel.appcore.dll
0x00007ffb29c10000 - 0x00007ffb29c1a000 	C:\Users\JAVA18\.vscode\extensions\redhat.java-1.36.0-win32-x64\jre\17.0.13-win32-x86_64\bin\jimage.dll
0x00007ffb1d9d0000 - 0x00007ffb1dc11000 	C:\Windows\SYSTEM32\DBGHELP.DLL
0x00007ffb3da60000 - 0x00007ffb3dddc000 	C:\Windows\System32\combase.dll
0x00007ffb3d980000 - 0x00007ffb3da56000 	C:\Windows\System32\OLEAUT32.dll
0x00007ffb1c730000 - 0x00007ffb1c769000 	C:\Windows\SYSTEM32\dbgcore.DLL
0x00007ffb3b790000 - 0x00007ffb3b829000 	C:\Windows\System32\bcryptPrimitives.dll
0x00007ffb1e720000 - 0x00007ffb1e745000 	C:\Users\JAVA18\.vscode\extensions\redhat.java-1.36.0-win32-x64\jre\17.0.13-win32-x86_64\bin\java.dll
0x00007ffb1b650000 - 0x00007ffb1b668000 	C:\Users\JAVA18\.vscode\extensions\redhat.java-1.36.0-win32-x64\jre\17.0.13-win32-x86_64\bin\zip.dll
0x00007ffb3cab0000 - 0x00007ffb3d1a8000 	C:\Windows\System32\SHELL32.dll
0x00007ffb39020000 - 0x00007ffb3984a000 	C:\Windows\SYSTEM32\windows.storage.dll
0x00007ffb3d3d0000 - 0x00007ffb3d4a3000 	C:\Windows\System32\SHCORE.dll
0x00007ffb3d4b0000 - 0x00007ffb3d50d000 	C:\Windows\System32\shlwapi.dll
0x00007ffb3b1c0000 - 0x00007ffb3b1e9000 	C:\Windows\SYSTEM32\profapi.dll
0x00007ffb18cf0000 - 0x00007ffb18d09000 	C:\Users\JAVA18\.vscode\extensions\redhat.java-1.36.0-win32-x64\jre\17.0.13-win32-x86_64\bin\net.dll
0x00007ffb34fe0000 - 0x00007ffb35106000 	C:\Windows\SYSTEM32\WINHTTP.dll
0x00007ffb3a5a0000 - 0x00007ffb3a608000 	C:\Windows\system32\mswsock.dll
0x00007ffb17c20000 - 0x00007ffb17c36000 	C:\Users\JAVA18\.vscode\extensions\redhat.java-1.36.0-win32-x64\jre\17.0.13-win32-x86_64\bin\nio.dll
0x00007ffb28ca0000 - 0x00007ffb28cae000 	C:\Users\JAVA18\.vscode\extensions\redhat.java-1.36.0-win32-x64\jre\17.0.13-win32-x86_64\bin\sunmscapi.dll
0x00007ffb3bba0000 - 0x00007ffb3bd16000 	C:\Windows\System32\CRYPT32.dll
0x00007ffb3abb0000 - 0x00007ffb3abe0000 	C:\Windows\SYSTEM32\ncrypt.dll
0x00007ffb3ab60000 - 0x00007ffb3ab9f000 	C:\Windows\SYSTEM32\NTASN1.dll
0x00007ffb3a950000 - 0x00007ffb3a96c000 	C:\Windows\SYSTEM32\CRYPTSP.dll
0x00007ffb3a020000 - 0x00007ffb3a058000 	C:\Windows\system32\rsaenh.dll
0x00007ffb3a640000 - 0x00007ffb3a66b000 	C:\Windows\SYSTEM32\USERENV.dll
0x00007ffb3abf0000 - 0x00007ffb3ac16000 	C:\Windows\SYSTEM32\bcrypt.dll
0x00007ffb3a7d0000 - 0x00007ffb3a7dc000 	C:\Windows\SYSTEM32\CRYPTBASE.dll
0x00007ffb39ae0000 - 0x00007ffb39b11000 	C:\Windows\SYSTEM32\IPHLPAPI.DLL
0x00007ffb3d3c0000 - 0x00007ffb3d3ca000 	C:\Windows\System32\NSI.dll
0x00007ffb34f20000 - 0x00007ffb34f3e000 	C:\Windows\SYSTEM32\dhcpcsvc6.DLL
0x00007ffb34db0000 - 0x00007ffb34dd5000 	C:\Windows\SYSTEM32\dhcpcsvc.DLL
0x00007ffb39b20000 - 0x00007ffb39c3f000 	C:\Windows\SYSTEM32\DNSAPI.dll
0x00007ffb29870000 - 0x00007ffb2987a000 	C:\Users\JAVA18\.vscode\extensions\redhat.java-1.36.0-win32-x64\jre\17.0.13-win32-x86_64\bin\management.dll
0x00007ffb29860000 - 0x00007ffb2986b000 	C:\Users\JAVA18\.vscode\extensions\redhat.java-1.36.0-win32-x64\jre\17.0.13-win32-x86_64\bin\management_ext.dll
0x00007ffb3d230000 - 0x00007ffb3d238000 	C:\Windows\System32\PSAPI.DLL
0x00007ffb29bf0000 - 0x00007ffb29c00000 	C:\Users\JAVA18\.vscode\extensions\redhat.java-1.36.0-win32-x64\jre\17.0.13-win32-x86_64\bin\verify.dll
0x00007ffb33a20000 - 0x00007ffb33a2b000 	C:\Windows\System32\rasadhlp.dll
0x00007ffb34080000 - 0x00007ffb34106000 	C:\Windows\System32\fwpuclnt.dll
0x00007ffb22100000 - 0x00007ffb22109000 	C:\Users\JAVA18\.vscode\extensions\redhat.java-1.36.0-win32-x64\jre\17.0.13-win32-x86_64\bin\extnet.dll
0x00007ffb2fd10000 - 0x00007ffb2fd18000 	C:\Windows\system32\wshunix.dll

dbghelp: loaded successfully - version: 4.0.5 - missing functions: none
symbol engine: initialized successfully - sym options: 0x614 - pdb path: .;C:\Users\JAVA18\.vscode\extensions\redhat.java-1.36.0-win32-x64\jre\17.0.13-win32-x86_64\bin;C:\Windows\SYSTEM32;C:\Windows\WinSxS\amd64_microsoft.windows.common-controls_6595b64144ccf1df_6.0.26100.1882_none_3e0e949ae32eca40;C:\Users\JAVA18\.vscode\extensions\redhat.java-1.36.0-win32-x64\jre\17.0.13-win32-x86_64\bin\server

VM Arguments:
jvm_args: -XX:+ShowCodeDetailsInExceptionMessages 
java_command: com.aestheticsHub.Backend.BackendApplication
java_class_path (initial): C:\Users\JAVA18\Desktop\aestheticsHub 2.2\Backend\target\classes;C:\Users\JAVA18\.m2\repository\org\springframework\boot\spring-boot-starter-data-jpa\3.3.5\spring-boot-starter-data-jpa-3.3.5.jar;C:\Users\JAVA18\.m2\repository\org\springframework\boot\spring-boot-starter-aop\3.3.5\spring-boot-starter-aop-3.3.5.jar;C:\Users\JAVA18\.m2\repository\org\aspectj\aspectjweaver\1.9.22.1\aspectjweaver-1.9.22.1.jar;C:\Users\JAVA18\.m2\repository\org\springframework\boot\spring-boot-starter-jdbc\3.3.5\spring-boot-starter-jdbc-3.3.5.jar;C:\Users\JAVA18\.m2\repository\com\zaxxer\HikariCP\5.1.0\HikariCP-5.1.0.jar;C:\Users\JAVA18\.m2\repository\org\springframework\spring-jdbc\6.1.14\spring-jdbc-6.1.14.jar;C:\Users\JAVA18\.m2\repository\org\hibernate\orm\hibernate-core\6.5.3.Final\hibernate-core-6.5.3.Final.jar;C:\Users\JAVA18\.m2\repository\jakarta\persistence\jakarta.persistence-api\3.1.0\jakarta.persistence-api-3.1.0.jar;C:\Users\JAVA18\.m2\repository\jakarta\transaction\jakarta.transaction-api\2.0.1\jakarta.transaction-api-2.0.1.jar;C:\Users\JAVA18\.m2\repository\org\jboss\logging\jboss-logging\3.5.3.Final\jboss-logging-3.5.3.Final.jar;C:\Users\JAVA18\.m2\repository\org\hibernate\common\hibernate-commons-annotations\6.0.6.Final\hibernate-commons-annotations-6.0.6.Final.jar;C:\Users\JAVA18\.m2\repository\io\smallrye\jandex\3.1.2\jandex-3.1.2.jar;C:\Users\JAVA18\.m2\repository\com\fasterxml\classmate\1.7.0\classmate-1.7.0.jar;C:\Users\JAVA18\.m2\repository\net\bytebuddy\byte-buddy\1.14.19\byte-buddy-1.14.19.jar;C:\Users\JAVA18\.m2\repository\org\glassfish\jaxb\jaxb-runtime\4.0.5\jaxb-runtime-4.0.5.jar;C:\Users\JAVA18\.m2\repository\org\glassfish\jaxb\jaxb-core\4.0.5\jaxb-core-4.0.5.jar;C:\Users\JAVA18\.m2\repository\org\eclipse\angus\angus-activation\2.0.2\angus-activation-2.0.2.jar;C:\Users\JAVA18\.m2\repository\org\glassfish\jaxb\txw2\4.0.5\txw2-4.0.5.jar;C:\Users\JAVA18\.m2\repository\com\sun\istack\istack-commons-runtime\4.1.2\istack-commons-runtim
Launcher Type: SUN_STANDARD

[Global flags]
     intx CICompilerCount                          = 4                                         {product} {ergonomic}
     uint ConcGCThreads                            = 3                                         {product} {ergonomic}
     uint G1ConcRefinementThreads                  = 10                                        {product} {ergonomic}
   size_t G1HeapRegionSize                         = 1048576                                   {product} {ergonomic}
    uintx GCDrainStackTargetSize                   = 64                                        {product} {ergonomic}
   size_t InitialHeapSize                          = 130023424                                 {product} {ergonomic}
   size_t MarkStackSize                            = 4194304                                   {product} {ergonomic}
   size_t MaxHeapSize                              = 2080374784                                {product} {ergonomic}
   size_t MaxNewSize                               = 1247805440                                {product} {ergonomic}
   size_t MinHeapDeltaBytes                        = 1048576                                   {product} {ergonomic}
   size_t MinHeapSize                              = 8388608                                   {product} {ergonomic}
    uintx NonNMethodCodeHeapSize                   = 5839372                                {pd product} {ergonomic}
    uintx NonProfiledCodeHeapSize                  = 122909434                              {pd product} {ergonomic}
    uintx ProfiledCodeHeapSize                     = 122909434                              {pd product} {ergonomic}
    uintx ReservedCodeCacheSize                    = 251658240                              {pd product} {ergonomic}
     bool SegmentedCodeCache                       = true                                      {product} {ergonomic}
     bool ShowCodeDetailsInExceptionMessages       = true                                   {manageable} {command line}
   size_t SoftMaxHeapSize                          = 2080374784                             {manageable} {ergonomic}
     bool UseCompressedClassPointers               = true                           {product lp64_product} {ergonomic}
     bool UseCompressedOops                        = true                           {product lp64_product} {ergonomic}
     bool UseG1GC                                  = true                                      {product} {ergonomic}
     bool UseLargePagesIndividualAllocation        = false                                  {pd product} {ergonomic}

Logging:
Log output configuration:
 #0: stdout all=warning uptime,level,tags
 #1: stderr all=off uptime,level,tags

Environment Variables:
PATH=C:\Python312\Scripts\;C:\Python312\;C:\Program Files\Common Files\Oracle\Java\javapath;C:\Windows\system32;C:\Windows;C:\Windows\System32\Wbem;C:\Windows\System32\WindowsPowerShell\v1.0\;C:\Windows\System32\OpenSSH\;C:\Program Files\dotnet\;C:\Program Files\nodejs\;C:\ProgramData\chocolatey\bin;C:\Program Files\Docker\Docker\resources\bin;C:\Program Files\apache-maven-3.9.9\bin;C:\Users\JAVA18\AppData\Local\Microsoft\WindowsApps;C:\Users\JAVA18\AppData\Local\Programs\Microsoft VS Code\bin;C:\Users\JAVA18\AppData\Roaming\npm
USERNAME=JAVA18
LANG=en_US.UTF-8
OS=Windows_NT
PROCESSOR_IDENTIFIER=Intel64 Family 6 Model 151 Stepping 5, GenuineIntel
TMP=C:\Users\JAVA18\AppData\Local\Temp
TEMP=C:\Users\JAVA18\AppData\Local\Temp



Periodic native trim disabled


---------------  S Y S T E M  ---------------

OS:
 Windows 11 , 64 bit Build 26100 (10.0.26100.1882)
OS uptime: 8 days 4:17 hours
Hyper-V role detected

CPU: total 12 (initial active 12) (6 cores per cpu, 2 threads per core) family 6 model 151 stepping 5 microcode 0x32, cx8, cmov, fxsr, ht, mmx, 3dnowpref, sse, sse2, sse3, ssse3, sse4.1, sse4.2, popcnt, lzcnt, tsc, tscinvbit, avx, avx2, aes, erms, clmul, bmi1, bmi2, adx, sha, fma, vzeroupper, clflush, clflushopt, clwb, hv
Processor Information for all 12 processors :
  Max Mhz: 2500, Current Mhz: 2500, Mhz Limit: 2500

Memory: 4k page, system-wide physical 7933M (1095M free)
TotalPageFile size 32509M (AvailPageFile size 3M)
current process WorkingSet (physical memory assigned to process): 133M, peak: 302M
current process commit charge ("private bytes"): 299M, peak: 336M

vm_info: OpenJDK 64-Bit Server VM (17.0.13+11) for windows-amd64 JRE (17.0.13+11), built on Oct 16 2024 00:10:08 by "admin" with MS VC++ 17.7 (VS2022)

END.
